<?xml version="1.0" encoding="UTF-8"?>
<testng-results ignored="0" total="2" passed="1" failed="1" skipped="0">
  <reporter-output>
  </reporter-output>
  <suite started-at="2025-02-20T20:36:19 PST" name="Suite" finished-at="2025-02-20T20:36:47 PST" duration-ms="27449">
    <groups>
    </groups>
    <test started-at="2025-02-20T20:36:19 PST" name="Test" finished-at="2025-02-20T20:36:47 PST" duration-ms="27449">
      <class name="tests.SearchResultsTest">
        <test-method is-config="true" signature="setUp()[pri:0, instance:tests.SearchResultsTest@16ec5519]" started-at="2025-02-20T20:36:20 PST" name="setUp" finished-at="2025-02-20T20:36:31 PST" duration-ms="11152" status="PASS">
          <reporter-output>
          </reporter-output>
        </test-method> <!-- setUp -->
        <test-method signature="verifyFirstResultHeaderContains()[pri:0, instance:tests.SearchResultsTest@16ec5519]" started-at="2025-02-20T20:36:31 PST" name="verifyFirstResultHeaderContains" finished-at="2025-02-20T20:36:34 PST" duration-ms="3454" status="FAIL">
          <exception class="java.lang.AssertionError">
            <message>
              <![CDATA[First result does not contain 'Ford F-150' expected [true] but found [false]]]>
            </message>
            <full-stacktrace>
              <![CDATA[java.lang.AssertionError: First result does not contain 'Ford F-150' expected [true] but found [false]
at org.testng.Assert.fail(Assert.java:111)
at org.testng.Assert.failNotEquals(Assert.java:1590)
at org.testng.Assert.assertTrue(Assert.java:57)
at tests.SearchResultsTest.verifyFirstResultHeaderContains(SearchResultsTest.java:17)
at java.base/jdk.internal.reflect.DirectMethodHandleAccessor.invoke(DirectMethodHandleAccessor.java:103)
at java.base/java.lang.reflect.Method.invoke(Method.java:580)
at org.testng.internal.invokers.MethodInvocationHelper.invokeMethod(MethodInvocationHelper.java:141)
at org.testng.internal.invokers.TestInvoker.invokeMethod(TestInvoker.java:687)
at org.testng.internal.invokers.TestInvoker.invokeTestMethod(TestInvoker.java:230)
at org.testng.internal.invokers.MethodRunner.runInSequence(MethodRunner.java:63)
at org.testng.internal.invokers.TestInvoker$MethodInvocationAgent.invoke(TestInvoker.java:995)
at org.testng.internal.invokers.TestInvoker.invokeTestMethods(TestInvoker.java:203)
at org.testng.internal.invokers.TestMethodWorker.invokeTestMethods(TestMethodWorker.java:154)
at org.testng.internal.invokers.TestMethodWorker.run(TestMethodWorker.java:134)
at java.base/java.util.ArrayList.forEach(ArrayList.java:1596)
at org.testng.TestRunner.privateRun(TestRunner.java:741)
at org.testng.TestRunner.run(TestRunner.java:616)
at org.testng.SuiteRunner.runTest(SuiteRunner.java:421)
at org.testng.SuiteRunner.runSequentially(SuiteRunner.java:413)
at org.testng.SuiteRunner.privateRun(SuiteRunner.java:373)
at org.testng.SuiteRunner.run(SuiteRunner.java:312)
at org.testng.SuiteRunnerWorker.runSuite(SuiteRunnerWorker.java:52)
at org.testng.SuiteRunnerWorker.run(SuiteRunnerWorker.java:95)
at org.testng.TestNG.runSuitesSequentially(TestNG.java:1274)
at org.testng.TestNG.runSuitesLocally(TestNG.java:1208)
at org.testng.TestNG.runSuites(TestNG.java:1112)
at org.testng.TestNG.run(TestNG.java:1079)
at org.apache.maven.surefire.testng.TestNGExecutor.run(TestNGExecutor.java:284)
at org.apache.maven.surefire.testng.TestNGXmlTestSuite.execute(TestNGXmlTestSuite.java:75)
at org.apache.maven.surefire.testng.TestNGProvider.invoke(TestNGProvider.java:119)
at org.apache.maven.surefire.booter.ForkedBooter.runSuitesInProcess(ForkedBooter.java:428)
at org.apache.maven.surefire.booter.ForkedBooter.execute(ForkedBooter.java:162)
at org.apache.maven.surefire.booter.ForkedBooter.run(ForkedBooter.java:562)
at org.apache.maven.surefire.booter.ForkedBooter.main(ForkedBooter.java:548)
]]>
            </full-stacktrace>
          </exception> <!-- java.lang.AssertionError -->
          <reporter-output>
          </reporter-output>
        </test-method> <!-- verifyFirstResultHeaderContains -->
        <test-method is-config="true" signature="tearDown()[pri:0, instance:tests.SearchResultsTest@16ec5519]" started-at="2025-02-20T20:36:34 PST" name="tearDown" finished-at="2025-02-20T20:36:34 PST" duration-ms="331" status="PASS">
          <reporter-output>
          </reporter-output>
        </test-method> <!-- tearDown -->
        <test-method is-config="true" signature="setUp()[pri:0, instance:tests.SearchResultsTest@16ec5519]" started-at="2025-02-20T20:36:35 PST" name="setUp" finished-at="2025-02-20T20:36:41 PST" duration-ms="6062" status="PASS">
          <reporter-output>
          </reporter-output>
        </test-method> <!-- setUp -->
        <test-method signature="verifyNumberOfResultsAfterFilter()[pri:0, instance:tests.SearchResultsTest@16ec5519]" started-at="2025-02-20T20:36:41 PST" name="verifyNumberOfResultsAfterFilter" finished-at="2025-02-20T20:36:47 PST" duration-ms="6111" status="PASS">
          <reporter-output>
          </reporter-output>
        </test-method> <!-- verifyNumberOfResultsAfterFilter -->
        <test-method is-config="true" signature="tearDown()[pri:0, instance:tests.SearchResultsTest@16ec5519]" started-at="2025-02-20T20:36:47 PST" name="tearDown" finished-at="2025-02-20T20:36:47 PST" duration-ms="255" status="PASS">
          <reporter-output>
          </reporter-output>
        </test-method> <!-- tearDown -->
      </class> <!-- tests.SearchResultsTest -->
    </test> <!-- Test -->
  </suite> <!-- Suite -->
</testng-results>
